06-10 10:45:48 root 1331:Loading system fonts.
06-10 10:45:53 root 1198:Font "Disolve_regular" does not natively support style "Regular" using "Path" instead
06-10 10:45:53 unfiltered 871:Found SVG layer: F.SilkS
06-10 10:45:53 root 928:  Writing Text with 38 points
06-10 10:45:53 root 928:  Writing Text with 63 points
06-10 10:45:53 root 928:  Writing Text with 11 points
06-10 10:45:53 root 928:  Writing Text with 29 points
06-10 10:45:53 root 928:  Writing Text with 29 points
06-10 10:45:53 root 928:  Writing Text with 31 points
06-10 10:45:53 root 928:  Writing Text with 41 points
06-10 10:45:53 root 928:  Writing Text with 41 points
06-10 10:45:53 root 928:  Writing Text with 42 points
06-10 10:45:53 root 928:  Writing Text with 39 points
06-10 10:45:53 root 928:  Writing Text with 9 points
06-10 10:45:53 root 928:  Writing Text with 5 points
06-10 10:45:53 root 928:  Writing Text with 5 points
06-10 10:45:53 root 928:  Writing Text with 5 points
06-10 10:45:53 root 928:  Writing Text with 5 points
06-10 10:45:54 unfiltered 871:Found SVG layer: F.SilkS
06-10 10:45:54 root 928:  Writing Text with 38 points
06-10 10:45:54 root 928:  Writing Text with 63 points
06-10 10:45:54 root 928:  Writing Text with 11 points
06-10 10:45:54 root 928:  Writing Text with 29 points
06-10 10:45:54 root 928:  Writing Text with 29 points
06-10 10:45:54 root 928:  Writing Text with 31 points
06-10 10:45:54 root 928:  Writing Text with 41 points
06-10 10:45:54 root 928:  Writing Text with 41 points
06-10 10:45:54 root 928:  Writing Text with 42 points
06-10 10:45:54 root 928:  Writing Text with 39 points
06-10 10:45:54 root 928:  Writing Text with 9 points
06-10 10:45:54 root 928:  Writing Text with 5 points
06-10 10:45:54 root 928:  Writing Text with 5 points
06-10 10:45:54 root 928:  Writing Text with 5 points
06-10 10:45:54 root 928:  Writing Text with 5 points
06-10 10:46:34 root 1198:Font "Disolve_regular" does not natively support style "Regular" using "Path" instead
06-10 10:46:34 unfiltered 871:Found SVG layer: F.SilkS
06-10 10:46:34 root 928:  Writing Text with 38 points
06-10 10:46:34 root 928:  Writing Text with 63 points
06-10 10:46:34 root 928:  Writing Text with 11 points
06-10 10:46:34 root 928:  Writing Text with 29 points
06-10 10:46:34 root 928:  Writing Text with 29 points
06-10 10:46:34 root 928:  Writing Text with 31 points
06-10 10:46:34 root 928:  Writing Text with 41 points
06-10 10:46:34 root 928:  Writing Text with 41 points
06-10 10:46:34 root 928:  Writing Text with 42 points
06-10 10:46:34 root 928:  Writing Text with 39 points
06-10 10:46:34 root 928:  Writing Text with 9 points
06-10 10:46:34 root 928:  Writing Text with 5 points
06-10 10:46:34 root 928:  Writing Text with 5 points
06-10 10:46:34 root 928:  Writing Text with 5 points
06-10 10:46:34 root 928:  Writing Text with 5 points
06-10 10:46:36 root 1198:Font "Disolve_regular" does not natively support style "Regular" using "Path" instead
06-10 10:46:36 unfiltered 871:Found SVG layer: F.SilkS
06-10 10:46:36 root 928:  Writing Text with 38 points
06-10 10:46:36 root 928:  Writing Text with 63 points
06-10 10:46:36 root 928:  Writing Text with 11 points
06-10 10:46:36 root 928:  Writing Text with 29 points
06-10 10:46:36 root 928:  Writing Text with 29 points
06-10 10:46:36 root 928:  Writing Text with 31 points
06-10 10:46:36 root 928:  Writing Text with 41 points
06-10 10:46:36 root 928:  Writing Text with 41 points
06-10 10:46:36 root 928:  Writing Text with 42 points
06-10 10:46:36 root 928:  Writing Text with 39 points
06-10 10:46:36 root 928:  Writing Text with 9 points
06-10 10:46:36 root 928:  Writing Text with 5 points
06-10 10:46:36 root 928:  Writing Text with 5 points
06-10 10:46:36 root 928:  Writing Text with 5 points
06-10 10:46:36 root 928:  Writing Text with 5 points
06-10 10:46:37 root 1198:Font "Disolve_regular" does not natively support style "Regular" using "Path" instead
06-10 10:46:37 unfiltered 871:Found SVG layer: F.SilkS
06-10 10:46:37 root 928:  Writing Text with 38 points
06-10 10:46:37 root 928:  Writing Text with 63 points
06-10 10:46:37 root 928:  Writing Text with 11 points
06-10 10:46:37 root 928:  Writing Text with 29 points
06-10 10:46:37 root 928:  Writing Text with 29 points
06-10 10:46:37 root 928:  Writing Text with 31 points
06-10 10:46:37 root 928:  Writing Text with 41 points
06-10 10:46:37 root 928:  Writing Text with 41 points
06-10 10:46:37 root 928:  Writing Text with 42 points
06-10 10:46:37 root 928:  Writing Text with 39 points
06-10 10:46:37 root 928:  Writing Text with 9 points
06-10 10:46:37 root 928:  Writing Text with 5 points
06-10 10:46:37 root 928:  Writing Text with 5 points
06-10 10:46:37 root 928:  Writing Text with 5 points
06-10 10:46:37 root 928:  Writing Text with 5 points
06-10 10:46:37 root 1198:Font "Disolve_regular" does not natively support style "Regular" using "Path" instead
06-10 10:46:37 unfiltered 871:Found SVG layer: F.SilkS
06-10 10:46:37 root 928:  Writing Text with 38 points
06-10 10:46:37 root 928:  Writing Text with 63 points
06-10 10:46:37 root 928:  Writing Text with 11 points
06-10 10:46:37 root 928:  Writing Text with 29 points
06-10 10:46:37 root 928:  Writing Text with 29 points
06-10 10:46:37 root 928:  Writing Text with 31 points
06-10 10:46:37 root 928:  Writing Text with 41 points
06-10 10:46:37 root 928:  Writing Text with 41 points
06-10 10:46:37 root 928:  Writing Text with 42 points
06-10 10:46:37 root 928:  Writing Text with 39 points
06-10 10:46:37 root 928:  Writing Text with 9 points
06-10 10:46:37 root 928:  Writing Text with 5 points
06-10 10:46:37 root 928:  Writing Text with 5 points
06-10 10:46:37 root 928:  Writing Text with 5 points
06-10 10:46:37 root 928:  Writing Text with 5 points
06-10 10:46:37 unfiltered 871:Found SVG layer: F.SilkS
06-10 10:46:37 root 928:  Writing Text with 38 points
06-10 10:46:37 root 928:  Writing Text with 63 points
06-10 10:46:37 root 928:  Writing Text with 11 points
06-10 10:46:37 root 928:  Writing Text with 29 points
06-10 10:46:37 root 928:  Writing Text with 29 points
06-10 10:46:37 root 928:  Writing Text with 31 points
06-10 10:46:37 root 928:  Writing Text with 41 points
06-10 10:46:37 root 928:  Writing Text with 41 points
06-10 10:46:37 root 928:  Writing Text with 42 points
06-10 10:46:37 root 928:  Writing Text with 39 points
06-10 10:46:37 root 928:  Writing Text with 9 points
06-10 10:46:37 root 928:  Writing Text with 5 points
06-10 10:46:37 root 928:  Writing Text with 5 points
06-10 10:46:37 root 928:  Writing Text with 5 points
06-10 10:46:37 root 928:  Writing Text with 5 points
06-10 10:46:43 root 1198:Font "Disolve_regular" does not natively support style "Regular" using "Path" instead
06-10 10:46:43 unfiltered 871:Found SVG layer: F.SilkS
06-10 10:46:43 root 928:  Writing Text with 38 points
06-10 10:46:43 root 928:  Writing Text with 63 points
06-10 10:46:43 root 928:  Writing Text with 11 points
06-10 10:46:43 root 928:  Writing Text with 29 points
06-10 10:46:43 root 928:  Writing Text with 29 points
06-10 10:46:43 root 928:  Writing Text with 31 points
06-10 10:46:43 root 928:  Writing Text with 41 points
06-10 10:46:43 root 928:  Writing Text with 41 points
06-10 10:46:43 root 928:  Writing Text with 42 points
06-10 10:46:43 root 928:  Writing Text with 39 points
06-10 10:46:43 root 928:  Writing Text with 9 points
06-10 10:46:43 root 928:  Writing Text with 5 points
06-10 10:46:43 root 928:  Writing Text with 5 points
06-10 10:46:43 root 928:  Writing Text with 5 points
06-10 10:46:43 root 928:  Writing Text with 5 points
06-10 10:46:44 root 1198:Font "Disolve_regular" does not natively support style "Regular" using "Path" instead
06-10 10:46:44 unfiltered 871:Found SVG layer: F.SilkS
06-10 10:46:44 root 928:  Writing Text with 38 points
06-10 10:46:44 root 928:  Writing Text with 63 points
06-10 10:46:44 root 928:  Writing Text with 11 points
06-10 10:46:44 root 928:  Writing Text with 29 points
06-10 10:46:44 root 928:  Writing Text with 29 points
06-10 10:46:44 root 928:  Writing Text with 31 points
06-10 10:46:44 root 928:  Writing Text with 41 points
06-10 10:46:44 root 928:  Writing Text with 41 points
06-10 10:46:44 root 928:  Writing Text with 42 points
06-10 10:46:44 root 928:  Writing Text with 39 points
06-10 10:46:44 root 928:  Writing Text with 9 points
06-10 10:46:44 root 928:  Writing Text with 5 points
06-10 10:46:44 root 928:  Writing Text with 5 points
06-10 10:46:44 root 928:  Writing Text with 5 points
06-10 10:46:44 root 928:  Writing Text with 5 points
06-10 10:46:44 root 1198:Font "Disolve_regular" does not natively support style "Regular" using "Path" instead
06-10 10:46:44 unfiltered 871:Found SVG layer: F.SilkS
06-10 10:46:44 root 928:  Writing Text with 38 points
06-10 10:46:44 root 928:  Writing Text with 63 points
06-10 10:46:44 root 928:  Writing Text with 11 points
06-10 10:46:44 root 928:  Writing Text with 29 points
06-10 10:46:44 root 928:  Writing Text with 29 points
06-10 10:46:44 root 928:  Writing Text with 31 points
06-10 10:46:44 root 928:  Writing Text with 41 points
06-10 10:46:44 root 928:  Writing Text with 41 points
06-10 10:46:44 root 928:  Writing Text with 42 points
06-10 10:46:44 root 928:  Writing Text with 39 points
06-10 10:46:44 root 928:  Writing Text with 9 points
06-10 10:46:44 root 928:  Writing Text with 5 points
06-10 10:46:44 root 928:  Writing Text with 5 points
06-10 10:46:44 root 928:  Writing Text with 5 points
06-10 10:46:44 root 928:  Writing Text with 5 points
06-10 10:46:44 root 1198:Font "Disolve_regular" does not natively support style "Regular" using "Path" instead
06-10 10:46:44 unfiltered 871:Found SVG layer: F.SilkS
06-10 10:46:44 root 928:  Writing Text with 38 points
06-10 10:46:44 root 928:  Writing Text with 63 points
06-10 10:46:44 root 928:  Writing Text with 11 points
06-10 10:46:44 root 928:  Writing Text with 29 points
06-10 10:46:44 root 928:  Writing Text with 29 points
06-10 10:46:44 root 928:  Writing Text with 31 points
06-10 10:46:44 root 928:  Writing Text with 41 points
06-10 10:46:44 root 928:  Writing Text with 41 points
06-10 10:46:44 root 928:  Writing Text with 42 points
06-10 10:46:44 root 928:  Writing Text with 39 points
06-10 10:46:44 root 928:  Writing Text with 9 points
06-10 10:46:44 root 928:  Writing Text with 5 points
06-10 10:46:44 root 928:  Writing Text with 5 points
06-10 10:46:44 root 928:  Writing Text with 5 points
06-10 10:46:44 root 928:  Writing Text with 5 points
06-10 10:46:45 root 1198:Font "Disolve_regular" does not natively support style "Regular" using "Path" instead
06-10 10:46:45 unfiltered 871:Found SVG layer: F.SilkS
06-10 10:46:45 root 928:  Writing Text with 38 points
06-10 10:46:45 root 928:  Writing Text with 63 points
06-10 10:46:45 root 928:  Writing Text with 11 points
06-10 10:46:45 root 928:  Writing Text with 29 points
06-10 10:46:45 root 928:  Writing Text with 29 points
06-10 10:46:45 root 928:  Writing Text with 31 points
06-10 10:46:45 root 928:  Writing Text with 41 points
06-10 10:46:45 root 928:  Writing Text with 41 points
06-10 10:46:45 root 928:  Writing Text with 42 points
06-10 10:46:45 root 928:  Writing Text with 39 points
06-10 10:46:45 root 928:  Writing Text with 9 points
06-10 10:46:45 root 928:  Writing Text with 5 points
06-10 10:46:45 root 928:  Writing Text with 5 points
06-10 10:46:45 root 928:  Writing Text with 5 points
06-10 10:46:45 root 928:  Writing Text with 5 points
06-10 10:46:45 root 1198:Font "Disolve_regular" does not natively support style "Regular" using "Path" instead
06-10 10:46:45 unfiltered 871:Found SVG layer: F.SilkS
06-10 10:46:45 root 928:  Writing Text with 38 points
06-10 10:46:45 root 928:  Writing Text with 63 points
06-10 10:46:45 root 928:  Writing Text with 11 points
06-10 10:46:45 root 928:  Writing Text with 29 points
06-10 10:46:45 root 928:  Writing Text with 29 points
06-10 10:46:45 root 928:  Writing Text with 31 points
06-10 10:46:45 root 928:  Writing Text with 41 points
06-10 10:46:45 root 928:  Writing Text with 41 points
06-10 10:46:45 root 928:  Writing Text with 42 points
06-10 10:46:45 root 928:  Writing Text with 39 points
06-10 10:46:45 root 928:  Writing Text with 9 points
06-10 10:46:45 root 928:  Writing Text with 5 points
06-10 10:46:45 root 928:  Writing Text with 5 points
06-10 10:46:45 root 928:  Writing Text with 5 points
06-10 10:46:45 root 928:  Writing Text with 5 points
06-10 10:46:46 unfiltered 871:Found SVG layer: F.SilkS
06-10 10:46:46 root 928:  Writing Text with 38 points
06-10 10:46:46 root 928:  Writing Text with 63 points
06-10 10:46:46 root 928:  Writing Text with 11 points
06-10 10:46:46 root 928:  Writing Text with 29 points
06-10 10:46:46 root 928:  Writing Text with 29 points
06-10 10:46:46 root 928:  Writing Text with 31 points
06-10 10:46:46 root 928:  Writing Text with 41 points
06-10 10:46:46 root 928:  Writing Text with 41 points
06-10 10:46:46 root 928:  Writing Text with 42 points
06-10 10:46:46 root 928:  Writing Text with 39 points
06-10 10:46:46 root 928:  Writing Text with 9 points
06-10 10:46:46 root 928:  Writing Text with 5 points
06-10 10:46:46 root 928:  Writing Text with 5 points
06-10 10:46:46 root 928:  Writing Text with 5 points
06-10 10:46:46 root 928:  Writing Text with 5 points
06-10 10:47:09 root 1198:Font "Disolve_regular" does not natively support style "Regular" using "Path" instead
06-10 10:47:09 unfiltered 871:Found SVG layer: F.SilkS
06-10 10:47:09 root 928:  Writing Text with 38 points
06-10 10:47:09 root 928:  Writing Text with 63 points
06-10 10:47:09 root 928:  Writing Text with 11 points
06-10 10:47:09 root 928:  Writing Text with 29 points
06-10 10:47:09 root 928:  Writing Text with 29 points
06-10 10:47:09 root 928:  Writing Text with 31 points
06-10 10:47:09 root 928:  Writing Text with 41 points
06-10 10:47:09 root 928:  Writing Text with 41 points
06-10 10:47:09 root 928:  Writing Text with 42 points
06-10 10:47:09 root 928:  Writing Text with 39 points
06-10 10:47:09 root 928:  Writing Text with 9 points
06-10 10:47:09 root 928:  Writing Text with 5 points
06-10 10:47:09 root 928:  Writing Text with 5 points
06-10 10:47:09 root 928:  Writing Text with 5 points
06-10 10:47:09 root 928:  Writing Text with 5 points
06-10 10:47:10 root 1198:Font "Disolve_regular" does not natively support style "Regular" using "Path" instead
06-10 10:47:10 unfiltered 871:Found SVG layer: F.SilkS
06-10 10:47:10 root 928:  Writing Text with 38 points
06-10 10:47:10 root 928:  Writing Text with 63 points
06-10 10:47:10 root 928:  Writing Text with 11 points
06-10 10:47:10 root 928:  Writing Text with 29 points
06-10 10:47:10 root 928:  Writing Text with 29 points
06-10 10:47:10 root 928:  Writing Text with 31 points
06-10 10:47:10 root 928:  Writing Text with 41 points
06-10 10:47:10 root 928:  Writing Text with 41 points
06-10 10:47:10 root 928:  Writing Text with 42 points
06-10 10:47:10 root 928:  Writing Text with 39 points
06-10 10:47:10 root 928:  Writing Text with 9 points
06-10 10:47:10 root 928:  Writing Text with 5 points
06-10 10:47:10 root 928:  Writing Text with 5 points
06-10 10:47:10 root 928:  Writing Text with 5 points
06-10 10:47:10 root 928:  Writing Text with 5 points
06-10 10:47:10 root 1198:Font "Disolve_regular" does not natively support style "Regular" using "Path" instead
06-10 10:47:10 unfiltered 871:Found SVG layer: F.SilkS
06-10 10:47:10 root 928:  Writing Text with 38 points
06-10 10:47:10 root 928:  Writing Text with 63 points
06-10 10:47:10 root 928:  Writing Text with 11 points
06-10 10:47:10 root 928:  Writing Text with 29 points
06-10 10:47:10 root 928:  Writing Text with 29 points
06-10 10:47:10 root 928:  Writing Text with 31 points
06-10 10:47:10 root 928:  Writing Text with 41 points
06-10 10:47:10 root 928:  Writing Text with 41 points
06-10 10:47:10 root 928:  Writing Text with 42 points
06-10 10:47:10 root 928:  Writing Text with 39 points
06-10 10:47:10 root 928:  Writing Text with 9 points
06-10 10:47:10 root 928:  Writing Text with 5 points
06-10 10:47:10 root 928:  Writing Text with 5 points
06-10 10:47:10 root 928:  Writing Text with 5 points
06-10 10:47:10 root 928:  Writing Text with 5 points
06-10 10:47:11 unfiltered 871:Found SVG layer: F.SilkS
06-10 10:47:11 root 928:  Writing Text with 38 points
06-10 10:47:11 root 928:  Writing Text with 63 points
06-10 10:47:11 root 928:  Writing Text with 11 points
06-10 10:47:11 root 928:  Writing Text with 29 points
06-10 10:47:11 root 928:  Writing Text with 29 points
06-10 10:47:11 root 928:  Writing Text with 31 points
06-10 10:47:11 root 928:  Writing Text with 41 points
06-10 10:47:11 root 928:  Writing Text with 41 points
06-10 10:47:11 root 928:  Writing Text with 42 points
06-10 10:47:11 root 928:  Writing Text with 39 points
06-10 10:47:11 root 928:  Writing Text with 9 points
06-10 10:47:11 root 928:  Writing Text with 5 points
06-10 10:47:11 root 928:  Writing Text with 5 points
06-10 10:47:11 root 928:  Writing Text with 5 points
06-10 10:47:11 root 928:  Writing Text with 5 points
06-10 10:47:22 root 1198:Font "Disolve_regular" does not natively support style "Regular" using "Path" instead
06-10 10:47:22 unfiltered 871:Found SVG layer: F.SilkS
06-10 10:47:22 root 928:  Writing Text with 38 points
06-10 10:47:22 root 928:  Writing Text with 63 points
06-10 10:47:22 root 928:  Writing Text with 11 points
06-10 10:47:22 root 928:  Writing Text with 29 points
06-10 10:47:22 root 928:  Writing Text with 29 points
06-10 10:47:22 root 928:  Writing Text with 31 points
06-10 10:47:22 root 928:  Writing Text with 41 points
06-10 10:47:22 root 928:  Writing Text with 41 points
06-10 10:47:22 root 928:  Writing Text with 42 points
06-10 10:47:22 root 928:  Writing Text with 39 points
06-10 10:47:22 root 928:  Writing Text with 9 points
06-10 10:47:22 root 928:  Writing Text with 5 points
06-10 10:47:22 root 928:  Writing Text with 5 points
06-10 10:47:22 root 928:  Writing Text with 5 points
06-10 10:47:22 root 928:  Writing Text with 5 points
06-10 10:47:23 root 1198:Font "Disolve_regular" does not natively support style "Regular" using "Path" instead
06-10 10:47:23 root 1251:Unsuported character in <text> element "	"
06-10 10:47:23 unfiltered 871:Found SVG layer: F.SilkS
06-10 10:47:23 root 928:  Writing Text with 38 points
06-10 10:47:23 root 928:  Writing Text with 63 points
06-10 10:47:23 root 928:  Writing Text with 11 points
06-10 10:47:23 root 928:  Writing Text with 29 points
06-10 10:47:23 root 928:  Writing Text with 29 points
06-10 10:47:23 root 928:  Writing Text with 31 points
06-10 10:47:23 root 928:  Writing Text with 41 points
06-10 10:47:23 root 928:  Writing Text with 41 points
06-10 10:47:23 root 928:  Writing Text with 42 points
06-10 10:47:23 root 928:  Writing Text with 39 points
06-10 10:47:23 root 928:  Writing Text with 9 points
06-10 10:47:23 root 928:  Writing Text with 5 points
06-10 10:47:23 root 928:  Writing Text with 5 points
06-10 10:47:23 root 928:  Writing Text with 5 points
06-10 10:47:23 root 928:  Writing Text with 5 points
06-10 10:47:23 root 1198:Font "Disolve_regular" does not natively support style "Regular" using "Path" instead
06-10 10:47:23 root 1251:Unsuported character in <text> element "	"
06-10 10:47:23 root 1251:Unsuported character in <text> element "	"
06-10 10:47:23 unfiltered 871:Found SVG layer: F.SilkS
06-10 10:47:23 root 928:  Writing Text with 38 points
06-10 10:47:23 root 928:  Writing Text with 63 points
06-10 10:47:23 root 928:  Writing Text with 11 points
06-10 10:47:23 root 928:  Writing Text with 29 points
06-10 10:47:23 root 928:  Writing Text with 29 points
06-10 10:47:23 root 928:  Writing Text with 31 points
06-10 10:47:23 root 928:  Writing Text with 41 points
06-10 10:47:23 root 928:  Writing Text with 41 points
06-10 10:47:23 root 928:  Writing Text with 42 points
06-10 10:47:23 root 928:  Writing Text with 39 points
06-10 10:47:23 root 928:  Writing Text with 9 points
06-10 10:47:23 root 928:  Writing Text with 5 points
06-10 10:47:23 root 928:  Writing Text with 5 points
06-10 10:47:23 root 928:  Writing Text with 5 points
06-10 10:47:23 root 928:  Writing Text with 5 points
06-10 10:47:23 root 1198:Font "Disolve_regular" does not natively support style "Regular" using "Path" instead
06-10 10:47:23 unfiltered 871:Found SVG layer: F.SilkS
06-10 10:47:23 root 928:  Writing Text with 38 points
06-10 10:47:23 root 928:  Writing Text with 63 points
06-10 10:47:23 root 928:  Writing Text with 11 points
06-10 10:47:23 root 928:  Writing Text with 29 points
06-10 10:47:23 root 928:  Writing Text with 29 points
06-10 10:47:23 root 928:  Writing Text with 31 points
06-10 10:47:23 root 928:  Writing Text with 41 points
06-10 10:47:23 root 928:  Writing Text with 41 points
06-10 10:47:23 root 928:  Writing Text with 42 points
06-10 10:47:23 root 928:  Writing Text with 39 points
06-10 10:47:23 root 928:  Writing Text with 9 points
06-10 10:47:23 root 928:  Writing Text with 5 points
06-10 10:47:23 root 928:  Writing Text with 5 points
06-10 10:47:23 root 928:  Writing Text with 5 points
06-10 10:47:23 root 928:  Writing Text with 5 points
06-10 10:47:25 root 1198:Font "Disolve_regular" does not natively support style "Regular" using "Path" instead
06-10 10:47:25 unfiltered 871:Found SVG layer: F.SilkS
06-10 10:47:25 root 928:  Writing Text with 38 points
06-10 10:47:25 root 928:  Writing Text with 63 points
06-10 10:47:25 root 928:  Writing Text with 11 points
06-10 10:47:25 root 928:  Writing Text with 29 points
06-10 10:47:25 root 928:  Writing Text with 29 points
06-10 10:47:25 root 928:  Writing Text with 31 points
06-10 10:47:25 root 928:  Writing Text with 41 points
06-10 10:47:25 root 928:  Writing Text with 41 points
06-10 10:47:25 root 928:  Writing Text with 42 points
06-10 10:47:25 root 928:  Writing Text with 39 points
06-10 10:47:25 root 928:  Writing Text with 9 points
06-10 10:47:25 root 928:  Writing Text with 5 points
06-10 10:47:25 root 928:  Writing Text with 5 points
06-10 10:47:25 root 928:  Writing Text with 5 points
06-10 10:47:25 root 928:  Writing Text with 5 points
06-10 10:47:25 root 1198:Font "Disolve_regular" does not natively support style "Regular" using "Path" instead
06-10 10:47:25 unfiltered 871:Found SVG layer: F.SilkS
06-10 10:47:25 root 928:  Writing Text with 38 points
06-10 10:47:25 root 928:  Writing Text with 63 points
06-10 10:47:25 root 928:  Writing Text with 11 points
06-10 10:47:25 root 928:  Writing Text with 29 points
06-10 10:47:25 root 928:  Writing Text with 29 points
06-10 10:47:25 root 928:  Writing Text with 31 points
06-10 10:47:25 root 928:  Writing Text with 41 points
06-10 10:47:25 root 928:  Writing Text with 41 points
06-10 10:47:25 root 928:  Writing Text with 42 points
06-10 10:47:25 root 928:  Writing Text with 39 points
06-10 10:47:25 root 928:  Writing Text with 9 points
06-10 10:47:25 root 928:  Writing Text with 5 points
06-10 10:47:25 root 928:  Writing Text with 5 points
06-10 10:47:25 root 928:  Writing Text with 5 points
06-10 10:47:25 root 928:  Writing Text with 5 points
06-10 10:47:26 unfiltered 871:Found SVG layer: F.SilkS
06-10 10:47:26 root 928:  Writing Text with 38 points
06-10 10:47:26 root 928:  Writing Text with 63 points
06-10 10:47:26 root 928:  Writing Text with 11 points
06-10 10:47:26 root 928:  Writing Text with 29 points
06-10 10:47:26 root 928:  Writing Text with 29 points
06-10 10:47:26 root 928:  Writing Text with 31 points
06-10 10:47:26 root 928:  Writing Text with 41 points
06-10 10:47:26 root 928:  Writing Text with 41 points
06-10 10:47:26 root 928:  Writing Text with 42 points
06-10 10:47:26 root 928:  Writing Text with 39 points
06-10 10:47:26 root 928:  Writing Text with 9 points
06-10 10:47:26 root 928:  Writing Text with 5 points
06-10 10:47:26 root 928:  Writing Text with 5 points
06-10 10:47:26 root 928:  Writing Text with 5 points
06-10 10:47:26 root 928:  Writing Text with 5 points
